Build started 2014-03-01 10:53:20.
     1>Project "M:\Zajecia\UAM\Grafika komputerowa i wizualizacja\laboratoria\Tutorial 0.3.8\glsdk\glutil\glutil.vcxproj" on node 2 (build target(s)).
     1>PrepareForBuild:
         Creating directory "lib\".
       InitializeBuildStatus:
         Creating "Debug\glutil.unsuccessfulbuild" because "AlwaysCreate" was specified.
       ClCompile:
         c:\Program Files\Microsoft Visual Studio 10.0\VC\bin\CL.exe /c /Iinclude /Isource /I..\glload\include /I..\glm /ZI /nologo /W3 /WX- /Od /Oy- /D _CRT_SECURE_NO_WARNINGS /D _SCL_SECURE_NO_WARNINGS /D WIN32 /D DEBUG /D _DEBUG /D MEMORY_DEBUGGING /D _UNICODE /D UNICODE /Gm /EHsc /RTC1 /MDd /GS /Gy /fp:precise /Zc:wchar_t /Zc:forScope /Fo"Debug\\" /Fd"Debug\vc100.pdb" /Gd /TP /analyze- /errorReport:prompt source\Debug.cpp source\MatrixStack.cpp source\MousePoles.cpp source\Shader.cpp source\WindowPos.cpp
         WindowPos.cpp
         Shader.cpp
         MousePoles.cpp
         MatrixStack.cpp
         Debug.cpp
         Generating Code...
       Lib:
         c:\Program Files\Microsoft Visual Studio 10.0\VC\bin\Lib.exe /OUT:"lib\glutilD.lib" /NOLOGO Debug\Debug.obj
         Debug\MatrixStack.obj
         Debug\MousePoles.obj
         Debug\Shader.obj
         Debug\WindowPos.obj
         glutil.vcxproj -> M:\Zajecia\UAM\Grafika komputerowa i wizualizacja\laboratoria\Tutorial 0.3.8\glsdk\glutil\lib\glutilD.lib
       FinalizeBuildStatus:
         Deleting file "Debug\glutil.unsuccessfulbuild".
         Touching "Debug\glutil.lastbuildstate".
     1>Done Building Project "M:\Zajecia\UAM\Grafika komputerowa i wizualizacja\laboratoria\Tutorial 0.3.8\glsdk\glutil\glutil.vcxproj" (build target(s)).

Build succeeded.

Time Elapsed 00:00:03.76
