Build started 2014-03-01 10:53:31.
     1>Project "M:\Zajecia\UAM\Grafika komputerowa i wizualizacja\laboratoria\Tutorial 0.3.8\glsdk\glmesh\glmesh.vcxproj" on node 3 (build target(s)).
     1>PrepareForBuild:
         Creating directory "lib\".
       InitializeBuildStatus:
         Creating "Debug\glmesh.unsuccessfulbuild" because "AlwaysCreate" was specified.
       ClCompile:
         c:\Program Files\Microsoft Visual Studio 10.0\VC\bin\CL.exe /c /Iinclude /Isource /I..\glload\include /I..\glutil\include /I..\glm /ZI /nologo /W3 /WX- /Od /Oy- /D _CRT_SECURE_NO_WARNINGS /D _SCL_SECURE_NO_WARNINGS /D WIN32 /D DEBUG /D _DEBUG /D MEMORY_DEBUGGING /D _UNICODE /D UNICODE /Gm /EHsc /RTC1 /MDd /GS /Gy /fp:precise /Zc:wchar_t /Zc:forScope /Fo"Debug\\" /Fd"Debug\vc100.pdb" /Gd /TP /analyze- /errorReport:prompt source\Draw.cpp source\GenHelper.cpp source\Mesh.cpp source\Quadrics.cpp source\StreamBuffer.cpp source\VertexFormat.cpp
         VertexFormat.cpp
         StreamBuffer.cpp
         Quadrics.cpp
         Mesh.cpp
         GenHelper.cpp
         Draw.cpp
         Generating Code...
       Lib:
         c:\Program Files\Microsoft Visual Studio 10.0\VC\bin\Lib.exe /OUT:"lib\glmeshD.lib" /NOLOGO Debug\Draw.obj
         Debug\GenHelper.obj
         Debug\Mesh.obj
         Debug\Quadrics.obj
         Debug\StreamBuffer.obj
         Debug\VertexFormat.obj
         glmesh.vcxproj -> M:\Zajecia\UAM\Grafika komputerowa i wizualizacja\laboratoria\Tutorial 0.3.8\glsdk\glmesh\lib\glmeshD.lib
       FinalizeBuildStatus:
         Deleting file "Debug\glmesh.unsuccessfulbuild".
         Touching "Debug\glmesh.lastbuildstate".
     1>Done Building Project "M:\Zajecia\UAM\Grafika komputerowa i wizualizacja\laboratoria\Tutorial 0.3.8\glsdk\glmesh\glmesh.vcxproj" (build target(s)).

Build succeeded.

Time Elapsed 00:00:07.07
